[debug] [2026-05-08T07:30:03.281Z] ----------------------------------------------------------------------
[debug] [2026-05-08T07:30:03.285Z] Command:       C:\Program Files\nodejs\node.exe C:\Users\ttong\AppData\Roaming\npm\node_modules\firebase-tools\lib\bin\firebase.js deploy --only hosting
[debug] [2026-05-08T07:30:03.286Z] CLI Version:   15.14.0
[debug] [2026-05-08T07:30:03.286Z] Platform:      win32
[debug] [2026-05-08T07:30:03.286Z] Node Version:  v24.14.1
[debug] [2026-05-08T07:30:03.286Z] Time:          Fri May 08 2026 16:30:03 GMT+0900 (한국 표준시)
[debug] [2026-05-08T07:30:03.286Z] ----------------------------------------------------------------------
[debug] 
[debug] [2026-05-08T07:30:05.072Z] > command requires scopes: ["email","openid","https://www.googleapis.com/auth/cloudplatformprojects.readonly","https://www.googleapis.com/auth/firebase","https://www.googleapis.com/auth/cloud-platform"]
[debug] [2026-05-08T07:30:05.073Z] > authorizing via signed-in user (ttong0627@gmail.com)
[debug] [2026-05-08T07:30:05.073Z] [iam] checking project cleancare-cf307 for permissions ["firebase.projects.get","firebasehosting.sites.update"]
[debug] [2026-05-08T07:30:05.074Z] Checked if tokens are valid: true, expires at: 1778227576861
[debug] [2026-05-08T07:30:05.075Z] Checked if tokens are valid: true, expires at: 1778227576861
[debug] [2026-05-08T07:30:05.076Z] >>> [apiv2][query] POST https://cloudresourcemanager.googleapis.com/v1/projects/cleancare-cf307:testIamPermissions [none]
[debug] [2026-05-08T07:30:05.076Z] >>> [apiv2][(partial)header] POST https://cloudresourcemanager.googleapis.com/v1/projects/cleancare-cf307:testIamPermissions  x-goog-user-project=cleancare-cf307
[debug] [2026-05-08T07:30:05.076Z] >>> [apiv2][body] POST https://cloudresourcemanager.googleapis.com/v1/projects/cleancare-cf307:testIamPermissions {"permissions":["firebase.projects.get","firebasehosting.sites.update"]}
[debug] [2026-05-08T07:30:05.346Z] <<< [apiv2][status] POST https://cloudresourcemanager.googleapis.com/v1/projects/cleancare-cf307:testIamPermissions 200
[debug] [2026-05-08T07:30:05.346Z] <<< [apiv2][body] POST https://cloudresourcemanager.googleapis.com/v1/projects/cleancare-cf307:testIamPermissions {"permissions":["firebase.projects.get","firebasehosting.sites.update"]}
[debug] [2026-05-08T07:30:05.346Z] Checked if tokens are valid: true, expires at: 1778227576861
[debug] [2026-05-08T07:30:05.346Z] Checked if tokens are valid: true, expires at: 1778227576861
[debug] [2026-05-08T07:30:05.347Z] >>> [apiv2][query] GET https://firebase.googleapis.com/v1beta1/projects/cleancare-cf307 [none]
[debug] [2026-05-08T07:30:05.759Z] <<< [apiv2][status] GET https://firebase.googleapis.com/v1beta1/projects/cleancare-cf307 200
[debug] [2026-05-08T07:30:05.759Z] <<< [apiv2][body] GET https://firebase.googleapis.com/v1beta1/projects/cleancare-cf307 {"projectId":"cleancare-cf307","projectNumber":"545863599367","displayName":"cleancare","name":"projects/cleancare-cf307","resources":{"hostingSite":"cleancare-cf307"},"state":"ACTIVE","etag":"1_bc97b2e4-b498-49a0-9c68-319a1ec76419"}
[debug] [2026-05-08T07:30:08.472Z] Checked if tokens are valid: true, expires at: 1778227576861
[debug] [2026-05-08T07:30:08.472Z] Checked if tokens are valid: true, expires at: 1778227576861
[debug] [2026-05-08T07:30:08.472Z] >>> [apiv2][query] GET https://firebasehosting.googleapis.com/v1beta1/projects/cleancare-cf307/sites pageToken=&pageSize=10
[debug] [2026-05-08T07:30:09.431Z] <<< [apiv2][status] GET https://firebasehosting.googleapis.com/v1beta1/projects/cleancare-cf307/sites 200
[debug] [2026-05-08T07:30:09.431Z] <<< [apiv2][body] GET https://firebasehosting.googleapis.com/v1beta1/projects/cleancare-cf307/sites {"sites":[{"name":"projects/cleancare-cf307/sites/cleancare-cf307","defaultUrl":"https://cleancare-cf307.web.app","type":"DEFAULT_SITE"}]}
[debug] [2026-05-08T07:30:09.431Z] Checked if tokens are valid: true, expires at: 1778227576861
[debug] [2026-05-08T07:30:09.431Z] Checked if tokens are valid: true, expires at: 1778227576861
[debug] [2026-05-08T07:30:09.431Z] >>> [apiv2][query] GET https://firebasehosting.googleapis.com/v1beta1/projects/cleancare-cf307/sites 
[debug] [2026-05-08T07:30:10.067Z] <<< [apiv2][status] GET https://firebasehosting.googleapis.com/v1beta1/projects/cleancare-cf307/sites 200
[debug] [2026-05-08T07:30:10.067Z] <<< [apiv2][body] GET https://firebasehosting.googleapis.com/v1beta1/projects/cleancare-cf307/sites {"sites":[{"name":"projects/cleancare-cf307/sites/cleancare-cf307","defaultUrl":"https://cleancare-cf307.web.app","type":"DEFAULT_SITE"}]}
[debug] [2026-05-08T07:30:10.067Z] Checked if tokens are valid: true, expires at: 1778227576861
[debug] [2026-05-08T07:30:10.067Z] Checked if tokens are valid: true, expires at: 1778227576861
[debug] [2026-05-08T07:30:10.067Z] >>> [apiv2][query] GET https://firebase.googleapis.com/v1beta1/projects/cleancare-cf307/webApps/-/config [none]
[debug] [2026-05-08T07:30:10.694Z] <<< [apiv2][status] GET https://firebase.googleapis.com/v1beta1/projects/cleancare-cf307/webApps/-/config 200
[debug] [2026-05-08T07:30:10.694Z] <<< [apiv2][body] GET https://firebase.googleapis.com/v1beta1/projects/cleancare-cf307/webApps/-/config {"projectId":"cleancare-cf307","appId":"1:545863599367:web:68d1f6050293258217f1a2","storageBucket":"cleancare-cf307.firebasestorage.app","apiKey":"AIzaSyDwcjhD8ZT28cy-kk2dPoKC5zDCWHAhyPI","authDomain":"cleancare-cf307.firebaseapp.com","messagingSenderId":"545863599367","measurementId":"G-XLT5YGZXMK","projectNumber":"545863599367","version":"2"}
[info] 
   Thank you for trying our early preview of Next.js support on Firebase Hosting.
   During the preview, support is best-effort and breaking changes can be expected. Proceed with caution.
   The integration is known to work with Next.js version 12 - 15.0. You may encounter errors.

   Documentation: https://firebase.google.com/docs/hosting/frameworks/nextjs
   File a bug: https://github.com/firebase/firebase-tools/issues/new?template=bug_report.md
   Submit a feature request: https://github.com/firebase/firebase-tools/issues/new?template=feature_request.md

   We'd love to learn from you. Express your interest in helping us shape the future of Firebase Hosting: https://goo.gle/41enW5X

[debug] [2026-05-08T07:30:17.174Z] Checked if tokens are valid: true, expires at: 1778227576861
[debug] [2026-05-08T07:30:17.175Z] Checked if tokens are valid: true, expires at: 1778227576861
[debug] [2026-05-08T07:30:17.175Z] >>> [apiv2][query] GET https://firebasehosting.googleapis.com/v1beta1/projects/cleancare-cf307/sites/cleancare-cf307 [none]
[debug] [2026-05-08T07:30:17.979Z] <<< [apiv2][status] GET https://firebasehosting.googleapis.com/v1beta1/projects/cleancare-cf307/sites/cleancare-cf307 200
[debug] [2026-05-08T07:30:17.979Z] <<< [apiv2][body] GET https://firebasehosting.googleapis.com/v1beta1/projects/cleancare-cf307/sites/cleancare-cf307 {"name":"projects/cleancare-cf307/sites/cleancare-cf307","defaultUrl":"https://cleancare-cf307.web.app","type":"DEFAULT_SITE"}
[info] ▲ Next.js 16.2.6 (Turbopack)

[info] 

[info]   Creating an optimized production build ...

[info] 

[info] > Build error occurred

[info] Error: Turbopack build failed with 2 errors:
./src/components/InvoiceIssueModal.tsx:7:1
Export WonSign doesn't exist in target module
   5 | import { collection, query, onSnapshot, addDoc, doc, updateDoc } from 'firebase/firestore';
   6 | import { db } from '@/lib/firebase';
>  7 | import { X, Send, Building2, User, Mail, WonSign, FileText } from 'lucide-react';
     | ^^^^^^^^^^^^^^^^^^^^^^^^^^^^^^^^^^^^^^^^^^^^^^^^^^^^^^^^^^^^^^^^^^^^^^^^^^^^^^^^^
   8 | import toast from 'react-hot-toast';
   9 |
  10 | interface Props {

The export WonSign was not found in module [project]/node_modules/lucide-react/dist/esm/lucide-react.mjs [app-client] (ecmascript).
Did you mean to import AtSign?
All exports of the module are statically known (It doesn't have dynamic exports). So it's known statically that the requested export doesn't exist.

Import traces:
  Client Component Browser:
    ./src/components/InvoiceIssueModal.tsx [Client Component Browser]
    ./src/app/settlement/page.tsx [Client Component Browser]
    ./src/app/settlement/page.tsx [Server Component]

  Client Component SSR:
    ./src/components/InvoiceIssueModal.tsx [Client Component SSR]
    ./src/app/settlement/page.tsx [Client Component SSR]
    ./src/app/settlement/page.tsx [Server Component]


./src/components/InvoiceIssueModal.tsx:7:1
Export WonSign doesn't exist in target module
   5 | import { collection, query, onSnapshot, addDoc, doc, updateDoc } from 'firebase/firestore';
   6 | import { db } from '@/lib/firebase';
>  7 | import { X, Send, Building2, User, Mail, WonSign, FileText } from 'lucide-react';
     | ^^^^^^^^^^^^^^^^^^^^^^^^^^^^^^^^^^^^^^^^^^^^^^^^^^^^^^^^^^^^^^^^^^^^^^^^^^^^^^^^^
   8 | import toast from 'react-hot-toast';
   9 |
  10 | interface Props {

The export WonSign was not found in module [project]/node_modules/lucide-react/dist/esm/lucide-react.mjs [app-ssr] (ecmascript).
Did you mean to import AtSign?
All exports of the module are statically known (It doesn't have dynamic exports). So it's known statically that the requested export doesn't exist.

Import traces:
  Client Component Browser:
    ./src/components/InvoiceIssueModal.tsx [Client Component Browser]
    ./src/app/settlement/page.tsx [Client Component Browser]
    ./src/app/settlement/page.tsx [Server Component]

  Client Component SSR:
    ./src/components/InvoiceIssueModal.tsx [Client Component SSR]
    ./src/app/settlement/page.tsx [Client Component SSR]
    ./src/app/settlement/page.tsx [Server Component]


    at <unknown> (./src/components/InvoiceIssueModal.tsx:7:1)
    at <unknown> (./src/components/InvoiceIssueModal.tsx:7:1)

[debug] [2026-05-08T07:30:28.614Z] Error: ENOENT: no such file or directory, open 'D:\ttong-project\cc\pc-web\.next\server\middleware-manifest.json'
[error] 
[error] Error: An unexpected error has occurred.
